[2022-03-05 23:13:07,285][torch.distributed.distributed_c10d][INFO] - Added key: store_based_barrier_key:1 to store for rank: 0
[2022-03-05 23:13:07,285][torch.distributed.distributed_c10d][INFO] - Rank 0: Completed store-based barrier for 1 nodes.
[2022-03-05 23:13:11,065][root][INFO] - Training is not really distributed, single rank. Deactivating buckets
[2022-03-05 23:13:11,065][root][INFO] - ShardedDDP bucket size: 0.00M parameters, model size 82.61M parameters
[2022-03-05 23:13:13,882][root][INFO] - Successfully registered stats as buffer.
[2022-03-05 23:13:13,988][root][INFO] - Successfully registered stats as buffer.
[2022-03-05 23:13:13,988][root][INFO] - Successfully registered stats as buffer.
[2022-03-05 23:13:13,988][root][INFO] - Successfully registered stats as buffer.
[2022-03-05 23:13:13,992][root][INFO] - Successfully registered stats as buffer.
[2022-03-05 23:13:13,993][root][INFO] - Successfully registered stats as buffer.
[2022-03-05 23:13:13,996][root][INFO] - Successfully registered stats as buffer.
[2022-03-05 23:13:14,045][root][INFO] - Successfully registered stats as buffer.
[2022-03-05 23:13:27,028][root][INFO] - Successfully registered stats as buffer.
[2022-03-05 23:13:28,099][root][INFO] - Successfully registered stats as buffer.
[2022-03-05 23:13:29,487][root][INFO] - Successfully registered stats as buffer.
[2022-03-05 23:13:31,353][root][INFO] - Successfully registered stats as buffer.
[2022-03-05 23:13:31,414][root][INFO] - Successfully registered stats as buffer.
[2022-03-05 23:13:37,278][root][INFO] - Successfully registered stats as buffer.
[2022-03-05 23:13:40,521][root][INFO] - Successfully registered stats as buffer.
[2022-03-05 23:13:41,216][root][INFO] - Successfully registered stats as buffer.
[2022-03-05 23:13:42,466][root][INFO] - Successfully registered stats as buffer.
[2022-03-05 23:13:49,072][root][INFO] - Successfully registered stats as buffer.
[2022-03-05 23:13:50,100][root][INFO] - Successfully registered stats as buffer.
[2022-03-05 23:13:50,323][root][INFO] - Successfully registered stats as buffer.
[2022-03-05 23:13:51,648][root][INFO] - Successfully registered stats as buffer.
[2022-03-05 23:13:56,063][root][INFO] - Successfully registered stats as buffer.
[2022-03-05 23:13:56,649][root][INFO] - Successfully registered stats as buffer.
[2022-03-05 23:13:57,310][root][INFO] - Successfully registered stats as buffer.
[2022-03-05 23:13:59,295][root][INFO] - Successfully registered stats as buffer.
[2022-03-05 23:14:01,139][root][INFO] - Successfully registered stats as buffer.
[2022-03-05 23:14:05,889][root][INFO] - Successfully registered stats as buffer.
[2022-03-05 23:14:10,697][root][INFO] - Successfully registered stats as buffer.
[2022-03-05 23:14:10,950][root][INFO] - Successfully registered stats as buffer.
