[2022-03-05 23:19:00,925][torch.distributed.distributed_c10d][INFO] - Added key: store_based_barrier_key:1 to store for rank: 0
[2022-03-05 23:19:00,926][torch.distributed.distributed_c10d][INFO] - Rank 0: Completed store-based barrier for 1 nodes.
[2022-03-05 23:19:04,695][root][INFO] - Training is not really distributed, single rank. Deactivating buckets
[2022-03-05 23:19:04,695][root][INFO] - ShardedDDP bucket size: 0.00M parameters, model size 82.61M parameters
[2022-03-05 23:19:06,270][root][INFO] - Successfully registered stats as buffer.
[2022-03-05 23:19:06,270][root][INFO] - Successfully registered stats as buffer.
[2022-03-05 23:19:06,270][root][INFO] - Successfully registered stats as buffer.
[2022-03-05 23:19:06,270][root][INFO] - Successfully registered stats as buffer.
[2022-03-05 23:19:06,270][root][INFO] - Successfully registered stats as buffer.
[2022-03-05 23:19:06,273][root][INFO] - Successfully registered stats as buffer.
[2022-03-05 23:19:06,273][root][INFO] - Successfully registered stats as buffer.
[2022-03-05 23:19:06,275][root][INFO] - Successfully registered stats as buffer.
[2022-03-05 23:19:19,458][root][INFO] - Successfully registered stats as buffer.
[2022-03-05 23:19:21,730][root][INFO] - Successfully registered stats as buffer.
[2022-03-05 23:19:22,403][root][INFO] - Successfully registered stats as buffer.
[2022-03-05 23:19:23,181][root][INFO] - Successfully registered stats as buffer.
[2022-03-05 23:19:24,665][root][INFO] - Successfully registered stats as buffer.
[2022-03-05 23:19:30,376][root][INFO] - Successfully registered stats as buffer.
[2022-03-05 23:19:34,344][root][INFO] - Successfully registered stats as buffer.
[2022-03-05 23:19:34,916][root][INFO] - Successfully registered stats as buffer.
[2022-03-05 23:19:36,447][root][INFO] - Successfully registered stats as buffer.
[2022-03-05 23:19:42,262][root][INFO] - Successfully registered stats as buffer.
[2022-03-05 23:19:42,630][root][INFO] - Successfully registered stats as buffer.
[2022-03-05 23:19:44,622][root][INFO] - Successfully registered stats as buffer.
[2022-03-05 23:19:45,111][root][INFO] - Successfully registered stats as buffer.
[2022-03-05 23:19:45,305][root][INFO] - Successfully registered stats as buffer.
[2022-03-05 23:19:49,465][root][INFO] - Successfully registered stats as buffer.
[2022-03-05 23:19:50,611][root][INFO] - Successfully registered stats as buffer.
[2022-03-05 23:19:52,409][root][INFO] - Successfully registered stats as buffer.
[2022-03-05 23:19:52,904][root][INFO] - Successfully registered stats as buffer.
[2022-03-05 23:20:00,005][root][INFO] - Successfully registered stats as buffer.
[2022-03-05 23:20:03,097][root][INFO] - Successfully registered stats as buffer.
[2022-03-05 23:20:08,440][root][INFO] - Successfully registered stats as buffer.
[2022-03-05 23:20:14,764][root][INFO] - Successfully registered stats as buffer.
[2022-03-05 23:20:15,868][root][INFO] - Successfully registered stats as buffer.
[2022-03-05 23:20:16,378][root][INFO] - Successfully registered stats as buffer.
[2022-03-05 23:20:20,593][root][INFO] - Successfully registered stats as buffer.
[2022-03-05 23:20:23,878][root][INFO] - Successfully registered stats as buffer.
[2022-03-05 23:20:26,177][root][INFO] - Successfully registered stats as buffer.
[2022-03-05 23:20:28,016][root][INFO] - Successfully registered stats as buffer.
[2022-03-05 23:20:29,449][root][INFO] - Successfully registered stats as buffer.
[2022-03-05 23:20:35,410][root][INFO] - Successfully registered stats as buffer.
[2022-03-05 23:20:37,121][root][INFO] - Successfully registered stats as buffer.
[2022-03-05 23:20:38,215][root][INFO] - Successfully registered stats as buffer.
[2022-03-05 23:20:44,739][root][INFO] - Successfully registered stats as buffer.
[2022-03-05 23:20:46,783][root][INFO] - Successfully registered stats as buffer.
[2022-03-05 23:20:47,036][root][INFO] - Successfully registered stats as buffer.
[2022-03-05 23:20:48,948][root][INFO] - Successfully registered stats as buffer.
[2022-03-05 23:20:52,654][root][INFO] - Successfully registered stats as buffer.
[2022-03-05 23:20:54,961][root][INFO] - Successfully registered stats as buffer.
[2022-03-05 23:20:55,447][root][INFO] - Successfully registered stats as buffer.
[2022-03-05 23:20:58,164][root][INFO] - Successfully registered stats as buffer.
[2022-03-05 23:20:58,613][root][INFO] - Successfully registered stats as buffer.
[2022-03-05 23:21:00,517][root][INFO] - Successfully registered stats as buffer.
[2022-03-05 23:21:00,938][root][INFO] - Successfully registered stats as buffer.
[2022-03-05 23:21:04,674][root][INFO] - Successfully registered stats as buffer.
[2022-03-05 23:21:08,679][root][INFO] - Successfully registered stats as buffer.
[2022-03-05 23:21:11,244][root][INFO] - Successfully registered stats as buffer.
[2022-03-05 23:21:12,679][root][INFO] - Successfully registered stats as buffer.
[2022-03-05 23:21:15,323][root][INFO] - Successfully registered stats as buffer.
[2022-03-05 23:21:17,365][root][INFO] - Successfully registered stats as buffer.
[2022-03-05 23:21:20,957][root][INFO] - Successfully registered stats as buffer.
[2022-03-05 23:21:21,373][root][INFO] - Successfully registered stats as buffer.
[2022-03-05 23:21:26,543][root][INFO] - Successfully registered stats as buffer.
[2022-03-05 23:21:30,832][root][INFO] - Successfully registered stats as buffer.
[2022-03-05 23:21:33,327][root][INFO] - Successfully registered stats as buffer.
[2022-03-05 23:21:34,221][root][INFO] - Successfully registered stats as buffer.
[2022-03-05 23:21:36,052][root][INFO] - Successfully registered stats as buffer.
[2022-03-05 23:21:37,237][root][INFO] - Successfully registered stats as buffer.
[2022-03-05 23:21:43,258][root][INFO] - Successfully registered stats as buffer.
[2022-03-05 23:21:47,590][root][INFO] - Successfully registered stats as buffer.
[2022-03-05 23:21:48,528][root][INFO] - Successfully registered stats as buffer.
[2022-03-05 23:21:49,937][root][INFO] - Successfully registered stats as buffer.
[2022-03-05 23:21:49,989][root][INFO] - Successfully registered stats as buffer.
[2022-03-05 23:21:52,704][root][INFO] - Successfully registered stats as buffer.
